C:\Program Files\Microsoft Visual Studio\2022\Community\MSBuild\Microsoft\VC\v170\Microsoft.CppBuild.targets(503,5): warning MSB8004: la directory Output non termina con una barra finale. Nell'istanza della compilazione verrà aggiunta la barra poiché è necessaria per consentire la corretta valutazione della directory Output.
  main.c
  TCP_Client.c
C:\Users\david\Documents\AIV_3\C\VS_BOMBERMAN\Bomberman\TCP_Client.c(28,25): warning C4133: 'funzione': tipi non compatibili. Da 'char *' a 'PCWSTR'
C:\Users\david\Documents\AIV_3\C\VS_BOMBERMAN\Bomberman\TCP_Client.c(46,33): warning C4267: 'funzione': conversione da 'size_t' a 'int'. Possibile perdita di dati.
  TCP_Server.c
  Generazione del codice in corso...
  main.bak
x64\Debug\main.obj : warning LNK4042: oggetto specificato più di una volta; occorrenze supplementari ignorate
TCP_Client.obj : error LNK2019: riferimento al simbolo esterno __imp_closesocket non risolto nella funzione start_client
TCP_Server.obj : error LNK2001: simbolo esterno __imp_closesocket non risolto
TCP_Client.obj : error LNK2019: riferimento al simbolo esterno __imp_connect non risolto nella funzione start_client
TCP_Client.obj : error LNK2019: riferimento al simbolo esterno __imp_htons non risolto nella funzione start_client
TCP_Server.obj : error LNK2001: simbolo esterno __imp_htons non risolto
TCP_Client.obj : error LNK2019: riferimento al simbolo esterno __imp_recv non risolto nella funzione start_client
TCP_Server.obj : error LNK2001: simbolo esterno __imp_recv non risolto
TCP_Client.obj : error LNK2019: riferimento al simbolo esterno __imp_send non risolto nella funzione start_client
TCP_Client.obj : error LNK2019: riferimento al simbolo esterno __imp_socket non risolto nella funzione start_client
TCP_Server.obj : error LNK2001: simbolo esterno __imp_socket non risolto
TCP_Client.obj : error LNK2019: riferimento al simbolo esterno __imp_WSAStartup non risolto nella funzione start_client
TCP_Server.obj : error LNK2001: simbolo esterno __imp_WSAStartup non risolto
TCP_Client.obj : error LNK2019: riferimento al simbolo esterno __imp_WSACleanup non risolto nella funzione start_client
TCP_Server.obj : error LNK2001: simbolo esterno __imp_WSACleanup non risolto
TCP_Client.obj : error LNK2019: riferimento al simbolo esterno __imp_WSAGetLastError non risolto nella funzione start_client
TCP_Server.obj : error LNK2001: simbolo esterno __imp_WSAGetLastError non risolto
TCP_Client.obj : error LNK2019: riferimento al simbolo esterno InetPtonW non risolto nella funzione start_client
TCP_Server.obj : error LNK2019: riferimento al simbolo esterno __imp_accept non risolto nella funzione start_server
TCP_Server.obj : error LNK2019: riferimento al simbolo esterno __imp_bind non risolto nella funzione start_server
TCP_Server.obj : error LNK2019: riferimento al simbolo esterno __imp_listen non risolto nella funzione start_server
C:\Users\david\Documents\AIV_3\C\VS_BOMBERMAN\x64\Debug\bin\Bomberman.exe : fatal error LNK1120: 13 esterni non risolti
